[INFO] Scanning for projects...
[INFO] 
[INFO] ------------------------< io.aharoj:jterminal >-------------------------
[INFO] Building jterminal 0.0.1
[INFO]   from pom.xml
[INFO] --------------------------------[ jar ]---------------------------------
[INFO] 
[INFO] --- resources:3.0.2:resources (default-resources) @ jterminal ---
[INFO] Using 'UTF-8' encoding to copy filtered resources.
[INFO] skip non existing resourceDirectory /Users/aharo/desk/research/jterminal/src/main/resources
[INFO] 
[INFO] --- compiler:3.8.0:compile (default-compile) @ jterminal ---
[INFO] Nothing to compile - all classes are up to date
[INFO] 
[INFO] --- resources:3.0.2:testResources (default-testResources) @ jterminal ---
[INFO] Using 'UTF-8' encoding to copy filtered resources.
[INFO] skip non existing resourceDirectory /Users/aharo/desk/research/jterminal/src/test/resources
[INFO] 
[INFO] --- compiler:3.8.0:testCompile (default-testCompile) @ jterminal ---
[INFO] Nothing to compile - all classes are up to date
[INFO] 
[INFO] --- surefire:2.22.1:test (default-test) @ jterminal ---
[WARNING] Parameter 'localRepository' is deprecated core expression; Avoid use of ArtifactRepository type. If you need access to local repository, switch to '${repositorySystemSession}' expression and get LRM from it instead.
[INFO] 
[INFO] -------------------------------------------------------
[INFO]  T E S T S
[INFO] -------------------------------------------------------
[INFO] Running io.aharoj.AppTest
[INFO] Tests run: 1, Failures: 0, Errors: 0, Skipped: 0, Time elapsed: 0.021 s - in io.aharoj.AppTest
[INFO] Running io.aharoj.TestVt100TerminalModel
[ERROR] Tests run: 11, Failures: 0, Errors: 1, Skipped: 0, Time elapsed: 0.019 s <<< FAILURE! - in io.aharoj.TestVt100TerminalModel
[ERROR] testErase(io.aharoj.TestVt100TerminalModel)  Time elapsed: 0.004 s  <<< ERROR!
java.lang.IndexOutOfBoundsException
	at io.aharoj.TestVt100TerminalModel.testErase(TestVt100TerminalModel.java:225)

[INFO] Running io.aharoj.TestAnsiControlSequenceParser
[INFO] Tests run: 8, Failures: 0, Errors: 0, Skipped: 0, Time elapsed: 0 s - in io.aharoj.TestAnsiControlSequenceParser
[INFO] 
[INFO] Results:
[INFO] 
[ERROR] Errors: 
[ERROR]   TestVt100TerminalModel.testErase:225 Â» IndexOutOfBounds
[INFO] 
[ERROR] Tests run: 20, Failures: 0, Errors: 1, Skipped: 0
[INFO] 
[INFO] ------------------------------------------------------------------------
[INFO] BUILD FAILURE
[INFO] ------------------------------------------------------------------------
[INFO] Total time:  1.390 s
[INFO] Finished at: 2023-06-04T16:17:13-04:00
[INFO] ------------------------------------------------------------------------
[ERROR] Failed to execute goal org.apache.maven.plugins:maven-surefire-plugin:2.22.1:test (default-test) on project jterminal: There are test failures.
[ERROR] 
[ERROR] Please refer to /Users/aharo/desk/research/jterminal/target/surefire-reports for the individual test results.
[ERROR] Please refer to dump files (if any exist) [date].dump, [date]-jvmRun[N].dump and [date].dumpstream.
[ERROR] -> [Help 1]
[ERROR] 
[ERROR] To see the full stack trace of the errors, re-run Maven with the -e switch.
[ERROR] Re-run Maven using the -X switch to enable full debug logging.
[ERROR] 
[ERROR] For more information about the errors and possible solutions, please read the following articles:
[ERROR] [Help 1] http://cwiki.apache.org/confluence/display/MAVEN/MojoFailureException
