[INFO] Scanning for projects...
[INFO] 
[INFO] ------------------------< io.aharoj:jterminal >-------------------------
[INFO] Building jterminal 0.0.1
[INFO]   from pom.xml
[INFO] --------------------------------[ jar ]---------------------------------
[INFO] 
[INFO] --- resources:3.0.2:resources (default-resources) @ jterminal ---
[INFO] Using 'UTF-8' encoding to copy filtered resources.
[INFO] skip non existing resourceDirectory /Users/aharo/desk/research/jterminal/src/main/resources
[INFO] 
[INFO] --- compiler:3.8.0:compile (default-compile) @ jterminal ---
[INFO] Nothing to compile - all classes are up to date
[INFO] 
[INFO] --- resources:3.0.2:testResources (default-testResources) @ jterminal ---
[INFO] Using 'UTF-8' encoding to copy filtered resources.
[INFO] skip non existing resourceDirectory /Users/aharo/desk/research/jterminal/src/test/resources
[INFO] 
[INFO] --- compiler:3.8.0:testCompile (default-testCompile) @ jterminal ---
[INFO] Nothing to compile - all classes are up to date
[INFO] 
[INFO] --- surefire:2.22.1:test (default-test) @ jterminal ---
[WARNING] Parameter 'localRepository' is deprecated core expression; Avoid use of ArtifactRepository type. If you need access to local repository, switch to '${repositorySystemSession}' expression and get LRM from it instead.
[INFO] 
[INFO] -------------------------------------------------------
[INFO]  T E S T S
[INFO] -------------------------------------------------------
[INFO] Running io.aharoj.AppTest
[INFO] Tests run: 1, Failures: 0, Errors: 0, Skipped: 0, Time elapsed: 0.019 s - in io.aharoj.AppTest
[INFO] Running io.aharoj.TestVt100TerminalModel
[ERROR] Tests run: 11, Failures: 0, Errors: 1, Skipped: 0, Time elapsed: 0.018 s <<< FAILURE! - in io.aharoj.TestVt100TerminalModel
[ERROR] testErase(io.aharoj.TestVt100TerminalModel)  Time elapsed: 0.003 s  <<< ERROR!
java.lang.NullPointerException: parameters
	at io.aharoj.TestVt100TerminalModel.testErase(TestVt100TerminalModel.java:225)

[INFO] Running io.aharoj.TestAnsiControlSequenceParser
[ERROR] Tests run: 8, Failures: 0, Errors: 6, Skipped: 0, Time elapsed: 0.001 s <<< FAILURE! - in io.aharoj.TestAnsiControlSequenceParser
[ERROR] testBrokenSingleSequence(io.aharoj.TestAnsiControlSequenceParser)  Time elapsed: 0 s  <<< ERROR!
java.lang.NullPointerException: parameters
	at io.aharoj.TestAnsiControlSequenceParser.testBrokenSingleSequence(TestAnsiControlSequenceParser.java:43)

[ERROR] testSingleCsi(io.aharoj.TestAnsiControlSequenceParser)  Time elapsed: 0 s  <<< ERROR!
java.lang.NullPointerException: parameters
	at io.aharoj.TestAnsiControlSequenceParser.testSingleCsi(TestAnsiControlSequenceParser.java:162)

[ERROR] testParameters(io.aharoj.TestAnsiControlSequenceParser)  Time elapsed: 0 s  <<< ERROR!
java.lang.NullPointerException: parameters
	at io.aharoj.TestAnsiControlSequenceParser.testParameters(TestAnsiControlSequenceParser.java:128)

[ERROR] testDoubleCsi(io.aharoj.TestAnsiControlSequenceParser)  Time elapsed: 0 s  <<< ERROR!
java.lang.NullPointerException: parameters
	at io.aharoj.TestAnsiControlSequenceParser.testDoubleCsi(TestAnsiControlSequenceParser.java:181)

[ERROR] testTextAndSequence(io.aharoj.TestAnsiControlSequenceParser)  Time elapsed: 0.001 s  <<< ERROR!
java.lang.NullPointerException: parameters
	at io.aharoj.TestAnsiControlSequenceParser.testTextAndSequence(TestAnsiControlSequenceParser.java:100)

[ERROR] testBrokenDoubleSequence(io.aharoj.TestAnsiControlSequenceParser)  Time elapsed: 0 s  <<< ERROR!
java.lang.NullPointerException: parameters
	at io.aharoj.TestAnsiControlSequenceParser.testBrokenDoubleSequence(TestAnsiControlSequenceParser.java:70)

[INFO] 
[INFO] Results:
[INFO] 
[ERROR] Errors: 
[ERROR]   TestAnsiControlSequenceParser.testBrokenDoubleSequence:70 » NullPointer parame...
[ERROR]   TestAnsiControlSequenceParser.testBrokenSingleSequence:43 » NullPointer parame...
[ERROR]   TestAnsiControlSequenceParser.testDoubleCsi:181 » NullPointer parameters
[ERROR]   TestAnsiControlSequenceParser.testParameters:128 » NullPointer parameters
[ERROR]   TestAnsiControlSequenceParser.testSingleCsi:162 » NullPointer parameters
[ERROR]   TestAnsiControlSequenceParser.testTextAndSequence:100 » NullPointer parameters
[ERROR]   TestVt100TerminalModel.testErase:225 » NullPointer parameters
[INFO] 
[ERROR] Tests run: 20, Failures: 0, Errors: 7, Skipped: 0
[INFO] 
[INFO] ------------------------------------------------------------------------
[INFO] BUILD FAILURE
[INFO] ------------------------------------------------------------------------
[INFO] Total time:  1.194 s
[INFO] Finished at: 2023-06-04T16:18:49-04:00
[INFO] ------------------------------------------------------------------------
[ERROR] Failed to execute goal org.apache.maven.plugins:maven-surefire-plugin:2.22.1:test (default-test) on project jterminal: There are test failures.
[ERROR] 
[ERROR] Please refer to /Users/aharo/desk/research/jterminal/target/surefire-reports for the individual test results.
[ERROR] Please refer to dump files (if any exist) [date].dump, [date]-jvmRun[N].dump and [date].dumpstream.
[ERROR] -> [Help 1]
[ERROR] 
[ERROR] To see the full stack trace of the errors, re-run Maven with the -e switch.
[ERROR] Re-run Maven using the -X switch to enable full debug logging.
[ERROR] 
[ERROR] For more information about the errors and possible solutions, please read the following articles:
[ERROR] [Help 1] http://cwiki.apache.org/confluence/display/MAVEN/MojoFailureException
