b"[INFO] Scanning for projects...\n[INFO] \n[INFO] ------------------------< io.aharoj:jterminal >-------------------------\n[INFO] Building jterminal 0.0.1\n[INFO]   from pom.xml\n[INFO] --------------------------------[ jar ]---------------------------------\n[INFO] \n[INFO] --- resources:3.0.2:resources (default-resources) @ jterminal ---\n[INFO] Using 'UTF-8' encoding to copy filtered resources.\n[INFO] skip non existing resourceDirectory /Users/aharo/repositories/jterminal/src/main/resources\n[INFO] \n[INFO] --- compiler:3.8.0:compile (default-compile) @ jterminal ---\n[INFO] Changes detected - recompiling the module!\n[INFO] Compiling 16 source files to /Users/aharo/repositories/jterminal/target/classes\n[INFO] \n[INFO] --- resources:3.0.2:testResources (default-testResources) @ jterminal ---\n[INFO] Using 'UTF-8' encoding to copy filtered resources.\n[INFO] skip non existing resourceDirectory /Users/aharo/repositories/jterminal/src/test/resources\n[INFO] \n[INFO] --- compiler:3.8.0:testCompile (default-testCompile) @ jterminal ---\n[INFO] Nothing to compile - all classes are up to date\n[INFO] \n[INFO] --- surefire:2.22.1:test (default-test) @ jterminal ---\n[INFO] \n[INFO] -------------------------------------------------------\n[INFO]  T E S T S\n[INFO] -------------------------------------------------------\n[INFO] Running io.aharoj.AppTest\n[INFO] Tests run: 1, Failures: 0, Errors: 0, Skipped: 0, Time elapsed: 0.028 s - in io.aharoj.AppTest\n[INFO] Running io.aharoj.TestVt100TerminalModel\n[ERROR] Tests run: 11, Failures: 0, Errors: 1, Skipped: 0, Time elapsed: 0.035 s <<< FAILURE! - in io.aharoj.TestVt100TerminalModel\n[ERROR] testErase(io.aharoj.TestVt100TerminalModel)  Time elapsed: 0.003 s  <<< ERROR!\njava.lang.NullPointerException: parameters\n\tat io.aharoj.TestVt100TerminalModel.testErase(TestVt100TerminalModel.java:229)\n\n[INFO] Running io.aharoj.TestAnsiControlSequenceParser\n[ERROR] Tests run: 8, Failures: 0, Errors: 6, Skipped: 0, Time elapsed: 0.004 s <<< FAILURE! - in io.aharoj.TestAnsiControlSequenceParser\n[ERROR] testBrokenSingleSequence(io.aharoj.TestAnsiControlSequenceParser)  Time elapsed: 0 s  <<< ERROR!\njava.lang.NullPointerException: parameters\n\tat io.aharoj.TestAnsiControlSequenceParser.testBrokenSingleSequence(TestAnsiControlSequenceParser.java:43)\n\n[ERROR] testSingleCsi(io.aharoj.TestAnsiControlSequenceParser)  Time elapsed: 0 s  <<< ERROR!\njava.lang.NullPointerException: parameters\n\tat io.aharoj.TestAnsiControlSequenceParser.testSingleCsi(TestAnsiControlSequenceParser.java:162)\n\n[ERROR] testParameters(io.aharoj.TestAnsiControlSequenceParser)  Time elapsed: 0.001 s  <<< ERROR!\njava.lang.NullPointerException: parameters\n\tat io.aharoj.TestAnsiControlSequenceParser.testParameters(TestAnsiControlSequenceParser.java:128)\n\n[ERROR] testDoubleCsi(io.aharoj.TestAnsiControlSequenceParser)  Time elapsed: 0 s  <<< ERROR!\njava.lang.NullPointerException: parameters\n\tat io.aharoj.TestAnsiControlSequenceParser.testDoubleCsi(TestAnsiControlSequenceParser.java:181)\n\n[ERROR] testTextAndSequence(io.aharoj.TestAnsiControlSequenceParser)  Time elapsed: 0 s  <<< ERROR!\njava.lang.NullPointerException: parameters\n\tat io.aharoj.TestAnsiControlSequenceParser.testTextAndSequence(TestAnsiControlSequenceParser.java:100)\n\n[ERROR] testBrokenDoubleSequence(io.aharoj.TestAnsiControlSequenceParser)  Time elapsed: 0 s  <<< ERROR!\njava.lang.NullPointerException: parameters\n\tat io.aharoj.TestAnsiControlSequenceParser.testBrokenDoubleSequence(TestAnsiControlSequenceParser.java:70)\n\n[INFO] \n[INFO] Results:\n[INFO] \n[ERROR] Errors: \n[ERROR]   TestAnsiControlSequenceParser.testBrokenDoubleSequence:70 \xc2\xbb NullPointer parame...\n[ERROR]   TestAnsiControlSequenceParser.testBrokenSingleSequence:43 \xc2\xbb NullPointer parame...\n[ERROR]   TestAnsiControlSequenceParser.testDoubleCsi:181 \xc2\xbb NullPointer parameters\n[ERROR]   TestAnsiControlSequenceParser.testParameters:128 \xc2\xbb NullPointer parameters\n[ERROR]   TestAnsiControlSequenceParser.testSingleCsi:162 \xc2\xbb NullPointer parameters\n[ERROR]   TestAnsiControlSequenceParser.testTextAndSequence:100 \xc2\xbb NullPointer parameters\n[ERROR]   TestVt100TerminalModel.testErase:229 \xc2\xbb NullPointer parameters\n[INFO] \n[ERROR] Tests run: 20, Failures: 0, Errors: 7, Skipped: 0\n[INFO] \n[INFO] ------------------------------------------------------------------------\n[INFO] BUILD FAILURE\n[INFO] ------------------------------------------------------------------------\n[INFO] Total time:  2.051 s\n[INFO] Finished at: 2024-04-21T22:48:30-07:00\n[INFO] ------------------------------------------------------------------------\n[ERROR] Failed to execute goal org.apache.maven.plugins:maven-surefire-plugin:2.22.1:test (default-test) on project jterminal: There are test failures.\n[ERROR] \n[ERROR] Please refer to /Users/aharo/repositories/jterminal/target/surefire-reports for the individual test results.\n[ERROR] Please refer to dump files (if any exist) [date].dump, [date]-jvmRun[N].dump and [date].dumpstream.\n[ERROR] -> [Help 1]\n[ERROR] \n[ERROR] To see the full stack trace of the errors, re-run Maven with the -e switch.\n[ERROR] Re-run Maven using the -X switch to enable full debug logging.\n[ERROR] \n[ERROR] For more information about the errors and possible solutions, please read the following articles:\n[ERROR] [Help 1] http://cwiki.apache.org/confluence/display/MAVEN/MojoFailureException\n"